<?xml version="1.0" encoding="UTF-8"?>
<testsuite xmlns:xsi="http://www.w3.org/2001/XMLSchema-instance" xsi:noNamespaceSchemaLocation="https://maven.apache.org/surefire/maven-surefire-plugin/xsd/surefire-test-report.xsd" name="it.rabbit.mq.prjCustomRabbitMq.PrjCustomRabbitMqApplicationTests" time="0.623" tests="1" errors="1" skipped="0" failures="0">
  <properties>
[...]
</properties>
  <testcase name="initializationError" classname="it.rabbit.mq.prjCustomRabbitMq.PrjCustomRabbitMqApplicationTests" time="0.006">
    <error message="org/springframework/core/ErrorCoded" type="java.lang.NoClassDefFoundError">java.lang.NoClassDefFoundError: org/springframework/core/ErrorCoded
Caused by: java.lang.ClassNotFoundException: org.springframework.core.ErrorCoded
</error>
    <system-out><![CDATA[12:06:53.423 [main] DEBUG org.springframework.test.context.junit4.SpringJUnit4ClassRunner - SpringJUnit4ClassRunner constructor called with [class it.rabbit.mq.prjCustomRabbitMq.PrjCustomRabbitMqApplicationTests]
12:06:53.432 [main] DEBUG org.springframework.test.context.BootstrapUtils - Instantiating CacheAwareContextLoaderDelegate from class [org.springframework.test.context.cache.DefaultCacheAwareContextLoaderDelegate]
12:06:53.442 [main] DEBUG org.springframework.test.context.BootstrapUtils - Instantiating BootstrapContext using constructor [public org.springframework.test.context.support.DefaultBootstrapContext(java.lang.Class,org.springframework.test.context.CacheAwareContextLoaderDelegate)]
12:06:53.465 [main] DEBUG org.springframework.test.context.BootstrapUtils - Instantiating TestContextBootstrapper for test class [it.rabbit.mq.prjCustomRabbitMq.PrjCustomRabbitMqApplicationTests] from class [org.springframework.boot.test.context.SpringBootTestContextBootstrapper]
12:06:53.489 [main] INFO org.springframework.boot.test.context.SpringBootTestContextBootstrapper - Neither @ContextConfiguration nor @ContextHierarchy found for test class [it.rabbit.mq.prjCustomRabbitMq.PrjCustomRabbitMqApplicationTests], using SpringBootContextLoader
12:06:53.494 [main] DEBUG org.springframework.test.context.support.AbstractContextLoader - Did not detect default resource location for test class [it.rabbit.mq.prjCustomRabbitMq.PrjCustomRabbitMqApplicationTests]: class path resource [it/rabbit/mq/prjCustomRabbitMq/PrjCustomRabbitMqApplicationTests-context.xml] does not exist
12:06:53.494 [main] DEBUG org.springframework.test.context.support.AbstractContextLoader - Did not detect default resource location for test class [it.rabbit.mq.prjCustomRabbitMq.PrjCustomRabbitMqApplicationTests]: class path resource [it/rabbit/mq/prjCustomRabbitMq/PrjCustomRabbitMqApplicationTestsContext.groovy] does not exist
12:06:53.494 [main] INFO org.springframework.test.context.support.AbstractContextLoader - Could not detect default resource locations for test class [it.rabbit.mq.prjCustomRabbitMq.PrjCustomRabbitMqApplicationTests]: no resource found for suffixes {-context.xml, Context.groovy}.
12:06:53.496 [main] INFO org.springframework.test.context.support.AnnotationConfigContextLoaderUtils - Could not detect default configuration classes for test class [it.rabbit.mq.prjCustomRabbitMq.PrjCustomRabbitMqApplicationTests]: PrjCustomRabbitMqApplicationTests does not declare any static, non-private, non-final, nested classes annotated with @Configuration.
12:06:53.593 [main] DEBUG org.springframework.test.context.support.ActiveProfilesUtils - Could not find an 'annotation declaring class' for annotation type [org.springframework.test.context.ActiveProfiles] and class [it.rabbit.mq.prjCustomRabbitMq.PrjCustomRabbitMqApplicationTests]
12:06:53.705 [main] DEBUG org.springframework.context.annotation.ClassPathScanningCandidateComponentProvider - Identified candidate component class: file [C:\dev\perso\projets\prjCustomRabbitMq\target\classes\it\rabbit\mq\prjCustomRabbitMq\PrjCustomRabbitMqApplication.class]
12:06:53.708 [main] INFO org.springframework.boot.test.context.SpringBootTestContextBootstrapper - Found @SpringBootConfiguration it.rabbit.mq.prjCustomRabbitMq.PrjCustomRabbitMqApplication for test class it.rabbit.mq.prjCustomRabbitMq.PrjCustomRabbitMqApplicationTests
]]></system-out>
  </testcase>
</testsuite>